<?xml version="1.0" encoding="UTF-8"?>
<!-- Generated by org.testng.reporters.JUnitXMLReporter -->
<testsuite hostname="GL-VS-WIN10-1" ignored="0" tests="5" failures="0" timestamp="23 Jul 2018 06:49:00 GMT" time="178.378" errors="0">
  <testcase name="login" time="23.994" classname="TestCases"/>
  <testcase name="SearchUser" time="10.968" classname="TestCases"/>
  <testcase name="Home" time="3.51" classname="TestCases"/>
  <testcase name="Community" time="2.644" classname="TestCases"/>
  <testcase name="Logout" time="108.412" classname="TestCases"/>
</testsuite>
