<?xml version="1.0" encoding="UTF-8"?>
<!-- Generated by org.testng.reporters.JUnitXMLReporter -->
<testsuite hostname="GL-VS-WIN10-1" ignored="0" tests="5" failures="0" timestamp="24 Jul 2018 07:30:49 GMT" time="52.411" errors="0">
  <testcase name="login" time="21.254" classname="TestCases"/>
  <testcase name="SearchUser" time="7.694" classname="TestCases"/>
  <testcase name="Community" time="2.087" classname="TestCases"/>
  <testcase name="Home" time="2.173" classname="TestCases"/>
  <testcase name="Logout" time="9.985" classname="TestCases"/>
</testsuite>
