<?xml version="1.0" encoding="UTF-8"?>
<testng-results skipped="0" failed="0" total="5" passed="5">
  <reporter-output>
  </reporter-output>
  <suite name="Suite" duration-ms="52651" started-at="2018-07-24T15:41:24Z" finished-at="2018-07-24T15:42:17Z">
    <groups>
    </groups>
    <test name="Test" duration-ms="52651" started-at="2018-07-24T15:41:24Z" finished-at="2018-07-24T15:42:17Z">
      <class name="TestCases">
        <test-method status="PASS" signature="lounchAPP()" name="lounchAPP" is-config="true" duration-ms="8217" started-at="2018-07-24T15:41:24Z" finished-at="2018-07-24T15:41:33Z">
        </test-method>
        <test-method status="PASS" signature="login()" name="login" duration-ms="21357" started-at="2018-07-24T15:41:33Z" finished-at="2018-07-24T15:41:54Z">
        </test-method>
        <test-method status="PASS" signature="SearchUser()" name="SearchUser" duration-ms="8232" started-at="2018-07-24T15:41:54Z" finished-at="2018-07-24T15:42:02Z">
        </test-method>
        <test-method status="PASS" signature="Community()" name="Community" duration-ms="2365" started-at="2018-07-24T15:42:02Z" finished-at="2018-07-24T15:42:05Z">
        </test-method>
        <test-method status="PASS" signature="Home()" name="Home" duration-ms="2210" started-at="2018-07-24T15:42:05Z" finished-at="2018-07-24T15:42:07Z">
        </test-method>
        <test-method status="PASS" signature="Logout()" name="Logout" duration-ms="10264" started-at="2018-07-24T15:42:07Z" finished-at="2018-07-24T15:42:17Z">
        </test-method>
        <test-method status="PASS" signature="stopApplication()" name="stopApplication" is-config="true" duration-ms="0" started-at="2018-07-24T15:42:17Z" finished-at="2018-07-24T15:42:17Z">
        </test-method>
      </class>
    </test>
  </suite>
</testng-results>
